<?xml version="1.0" encoding="UTF-8"?>
<!-- Generated by org.testng.reporters.JUnitReportReporter -->
<testsuite hostname="DESKTOP-JK2C9LH" failures="0" tests="1" name="GoldBharat.AdminLogin" time="24.730" errors="0" timestamp="2024-07-11T12:48:46 EDT" skipped="0">
  <testcase classname="GoldBharat.AdminLogin" name="login" time="24.730"/>
  <system-out/>
</testsuite> <!-- GoldBharat.AdminLogin -->
