<?xml version="1.0" encoding="UTF-8"?>
<!-- Generated by org.testng.reporters.JUnitReportReporter -->
<testsuite hostname="DESKTOP-0D6P269" failures="0" tests="1" name="GoldBharat.AdminLogin" time="8.471" errors="0" timestamp="2024-07-07T01:39:52 IST" skipped="0">
  <testcase classname="GoldBharat.AdminLogin" name="login" time="8.471"/>
  <system-out/>
</testsuite> <!-- GoldBharat.AdminLogin -->
