<?xml version="1.0" encoding="UTF-8"?>
<!-- Generated by org.testng.reporters.JUnitReportReporter -->
<testsuite hostname="Vicky" failures="0" tests="1" name="Sprint_6_Negative.g_EventsAllActions" time="74.409" errors="0" timestamp="2024-06-10T17:25:30 IST" skipped="0">
  <testcase classname="Sprint_6_Negative.g_EventsAllActions" name="eventsAllActionsTest" time="74.409"/>
  <system-out/>
</testsuite> <!-- Sprint_6_Negative.g_EventsAllActions -->
