<?xml version="1.0" encoding="UTF-8"?>
<!-- Generated by org.testng.reporters.JUnitReportReporter -->
<testsuite hostname="DESKTOP-JK2C9LH" failures="0" tests="1" name="GoldBharat.profileAndKYC" time="22.526" errors="0" timestamp="2024-07-16T21:17:39 EDT" skipped="0">
  <testcase classname="GoldBharat.profileAndKYC" name="profile" time="22.526"/>
  <system-out/>
</testsuite> <!-- GoldBharat.profileAndKYC -->
