<?xml version="1.0" encoding="UTF-8"?>
<!-- Generated by org.testng.reporters.JUnitReportReporter -->
<testsuite hostname="DESKTOP-JK2C9LH" failures="0" tests="1" name="GoldBharat.UserDashboardTabs" time="39.763" errors="0" timestamp="2024-07-16T21:54:36 EDT" skipped="0">
  <testcase classname="GoldBharat.UserDashboardTabs" name="UserDashboardTab" time="39.763"/>
  <system-out/>
</testsuite> <!-- GoldBharat.UserDashboardTabs -->
