<?xml version="1.0" encoding="UTF-8"?>
<!-- Generated by org.testng.reporters.JUnitReportReporter -->
<testsuite hostname="Vicky" failures="0" tests="1" name="Sprint_6_Negative.f_TradingAllActions" time="59.533" errors="0" timestamp="2024-06-10T17:01:24 IST" skipped="0">
  <testcase classname="Sprint_6_Negative.f_TradingAllActions" name="TradingAllActionsTest" time="59.533"/>
  <system-out/>
</testsuite> <!-- Sprint_6_Negative.f_TradingAllActions -->
