<?xml version="1.0" encoding="UTF-8"?>
<!-- Generated by org.testng.reporters.JUnitReportReporter -->
<testsuite hostname="DESKTOP-JK2C9LH" failures="0" tests="1" name="GoldBharat.LiveRates" time="3.723" errors="0" timestamp="2024-07-17T01:30:57 EDT" skipped="0">
  <testcase classname="GoldBharat.LiveRates" name="LiveRatesmethod" time="3.723"/>
  <system-out/>
</testsuite> <!-- GoldBharat.LiveRates -->
