<?xml version="1.0" encoding="UTF-8"?>
<!-- Generated by org.testng.reporters.JUnitReportReporter -->
<testsuite hostname="DESKTOP-JK2C9LH" failures="0" tests="1" name="GoldBharat.UserDashboardTabs" time="58.243" errors="0" timestamp="2024-07-16T12:36:04 EDT" skipped="0">
  <testcase classname="GoldBharat.UserDashboardTabs" name="UserDashboardTab" time="58.243"/>
  <system-out/>
</testsuite> <!-- GoldBharat.UserDashboardTabs -->
