<?xml version="1.0" encoding="UTF-8"?>
<!-- Generated by org.testng.reporters.JUnitReportReporter -->
<testsuite hostname="DESKTOP-JK2C9LH" failures="0" tests="1" name="GoldBharat.AdminLogin" time="34.104" errors="0" timestamp="2024-07-16T22:56:43 EDT" skipped="0">
  <testcase classname="GoldBharat.AdminLogin" name="login" time="34.104"/>
  <system-out/>
</testsuite> <!-- GoldBharat.AdminLogin -->
